<?xml version="1.0" encoding="UTF-8"?>
<!-- Generated by org.testng.reporters.JUnitReportReporter -->
<testsuite hostname="DESKTOP-VHCOGMC" failures="0" tests="2" name="com.NewSeleniumLearning.TestCases.CheckOutPageTest" time="8.247" errors="0" timestamp="2023-06-14T09:16:16 IST" skipped="0">
  <testcase classname="com.NewSeleniumLearning.TestCases.CheckOutPageTest" name="validate_ErrorMessage_CheckoutPage_Test" time="3.849"/>
  <system-out/>
  <testcase classname="com.NewSeleniumLearning.TestCases.CheckOutPageTest" name="validate_To_CheckoutPage2_Test" time="4.398"/>
  <system-out/>
</testsuite> <!-- com.NewSeleniumLearning.TestCases.CheckOutPageTest -->
