<?xml version="1.0" encoding="UTF-8"?>
<!-- Generated by org.testng.reporters.JUnitReportReporter -->
<testsuite hostname="DESKTOP-VHCOGMC" failures="0" tests="3" name="com.NewSeleniumLearning.TestCases.HomePageTest" time="10.777" errors="0" timestamp="2023-06-14T09:16:16 IST" skipped="0">
  <testcase classname="com.NewSeleniumLearning.TestCases.HomePageTest" name="success_Add_To_Cart_Validation_Test" time="3.728"/>
  <system-out/>
  <testcase classname="com.NewSeleniumLearning.TestCases.HomePageTest" name="price_Validation_Test" time="3.607"/>
  <system-out/>
  <testcase classname="com.NewSeleniumLearning.TestCases.HomePageTest" name="description_Validation_Test" time="3.442"/>
  <system-out/>
</testsuite> <!-- com.NewSeleniumLearning.TestCases.HomePageTest -->
