<?xml version="1.0" encoding="UTF-8"?>
<!-- Generated by org.testng.reporters.JUnitReportReporter -->
<testsuite hostname="DESKTOP-VHCOGMC" failures="0" tests="1" name="com.NewSeleniumLearning.TestCases.LastPageTest" time="10.552" errors="0" timestamp="2023-04-07T07:41:23 IST" skipped="0">
  <testcase classname="com.NewSeleniumLearning.TestCases.LastPageTest" name="validate_To_E2E_Test" time="10.552"/>
  <system-out>
    <![CDATA[validate_To_E2E_Test
Username is enetered successfully
Password enetered successfully
Login happened successfully
Test case ended here]]>
  </system-out>
</testsuite> <!-- com.NewSeleniumLearning.TestCases.LastPageTest -->
