<?xml version="1.0" encoding="UTF-8"?>
<!-- Generated by org.testng.reporters.JUnitReportReporter -->
<testsuite hostname="DESKTOP-VHCOGMC" failures="0" tests="1" name="com.NewSeleniumLearning.TestCases.CheckOutPageTest2" time="4.495" errors="0" timestamp="2023-04-06T09:37:18 IST" skipped="0">
  <testcase classname="com.NewSeleniumLearning.TestCases.CheckOutPageTest2" name="validate_To_LastPAge_Test" time="4.495"/>
  <system-out/>
</testsuite> <!-- com.NewSeleniumLearning.TestCases.CheckOutPageTest2 -->
