<?xml version="1.0" encoding="UTF-8"?>
<!-- Generated by org.testng.reporters.JUnitReportReporter -->
<testsuite hostname="DESKTOP-VHCOGMC" failures="0" tests="1" name="com.NewSeleniumLearning.TestCases.AddToCartPageTest" time="3.581" errors="0" timestamp="2023-04-06T09:37:18 IST" skipped="0">
  <testcase classname="com.NewSeleniumLearning.TestCases.AddToCartPageTest" name="validate_To_CheckoutPage_Test" time="3.581"/>
  <system-out/>
</testsuite> <!-- com.NewSeleniumLearning.TestCases.AddToCartPageTest -->
