<?xml version="1.0" encoding="UTF-8"?>
<!-- Generated by org.testng.reporters.JUnitReportReporter -->
<testsuite hostname="DESKTOP-VHCOGMC" failures="0" tests="1" name="com.NewSeleniumLearning.TestCases.LoginPageTest" time="8.204" errors="0" timestamp="2023-06-06T07:51:45 IST" skipped="0">
  <testcase classname="com.NewSeleniumLearning.TestCases.LoginPageTest" name="valid_User_Test" time="8.204"/>
  <system-out/>
</testsuite> <!-- com.NewSeleniumLearning.TestCases.LoginPageTest -->
