<?xml version="1.0" encoding="UTF-8"?>
<!-- Generated by org.testng.reporters.JUnitReportReporter -->
<testsuite hostname="DESKTOP-VHCOGMC" failures="0" tests="2" name="com.NewSeleniumLearning.TestCases.CheckOutPageTest" time="8.338" errors="0" timestamp="2023-04-06T09:37:18 IST" skipped="0">
  <testcase classname="com.NewSeleniumLearning.TestCases.CheckOutPageTest" name="validate_ErrorMessage_CheckoutPage_Test" time="4.142"/>
  <system-out/>
  <testcase classname="com.NewSeleniumLearning.TestCases.CheckOutPageTest" name="validate_To_CheckoutPage2_Test" time="4.196"/>
  <system-out/>
</testsuite> <!-- com.NewSeleniumLearning.TestCases.CheckOutPageTest -->
