<?xml version="1.0" encoding="UTF-8"?>
<!-- Generated by org.testng.reporters.JUnitReportReporter -->
<testsuite hostname="DESKTOP-VHCOGMC" failures="0" tests="1" name="com.NewSeleniumLearning.TestCases.CheckOutPageTest2" time="4.152" errors="0" timestamp="2023-06-14T09:16:16 IST" skipped="0">
  <testcase classname="com.NewSeleniumLearning.TestCases.CheckOutPageTest2" name="validate_To_LastPAge_Test" time="4.152"/>
  <system-out/>
</testsuite> <!-- com.NewSeleniumLearning.TestCases.CheckOutPageTest2 -->
