<?xml version="1.0" encoding="UTF-8"?>
<!-- Generated by org.testng.reporters.JUnitReportReporter -->
<testsuite hostname="DESKTOP-VHCOGMC" failures="0" tests="5" name="com.NewSeleniumLearning.TestCases.LoginPageTest" time="18.460" errors="0" timestamp="2023-06-14T09:16:16 IST" skipped="0">
  <testcase classname="com.NewSeleniumLearning.TestCases.LoginPageTest" name="valid_User_Test" time="3.081"/>
  <system-out/>
  <testcase classname="com.NewSeleniumLearning.TestCases.LoginPageTest" name="invalid_User_Test_ExternalData" time="5.269"/>
  <system-out/>
  <testcase classname="com.NewSeleniumLearning.TestCases.LoginPageTest" name="invalid_User_Test" time="3.634"/>
  <system-out/>
  <testcase classname="com.NewSeleniumLearning.TestCases.LoginPageTest" name="invalid_User_Test_ExternalData" time="3.336"/>
  <system-out/>
  <testcase classname="com.NewSeleniumLearning.TestCases.LoginPageTest" name="invalid_User_Test_ExternalData" time="3.140"/>
  <system-out/>
</testsuite> <!-- com.NewSeleniumLearning.TestCases.LoginPageTest -->
