<?xml version="1.0" encoding="UTF-8"?>
<!-- Generated by org.testng.reporters.JUnitReportReporter -->
<testsuite hostname="DESKTOP-VHCOGMC" failures="0" tests="3" name="com.NewSeleniumLearning.TestCases.HomePageTest" time="14.191" errors="0" timestamp="2023-04-12T15:54:47 IST" skipped="0">
  <testcase classname="com.NewSeleniumLearning.TestCases.HomePageTest" name="price_Validation_Test" time="6.424"/>
  <system-out/>
  <testcase classname="com.NewSeleniumLearning.TestCases.HomePageTest" name="success_Add_To_Cart_Validation_Test" time="3.852"/>
  <system-out/>
  <testcase classname="com.NewSeleniumLearning.TestCases.HomePageTest" name="description_Validation_Test" time="3.915"/>
  <system-out/>
</testsuite> <!-- com.NewSeleniumLearning.TestCases.HomePageTest -->
