<?xml version="1.0" encoding="UTF-8"?>
<!-- Generated by org.testng.reporters.JUnitReportReporter -->
<testsuite hostname="DESKTOP-VHCOGMC" failures="0" tests="1" name="com.NewSeleniumLearning.TestCases.LastPageTest" time="6.856" errors="0" timestamp="2023-06-14T09:16:49 IST" skipped="0">
  <testcase classname="com.NewSeleniumLearning.TestCases.LastPageTest" name="validate_To_E2E_Test" time="6.856"/>
  <system-out>
    <![CDATA[Username is enetered successfully
Password enetered successfully
Login happened successfully
Test case ended here]]>
  </system-out>
</testsuite> <!-- com.NewSeleniumLearning.TestCases.LastPageTest -->
